<?xml version="1.0" encoding="UTF-8"?>
<!-- Generated by org.testng.reporters.JUnitReportReporter -->
<testsuite hostname="HASH-CODE" failures="0" tests="1" name="login.usercreationlogin" time="3.466" errors="0" timestamp="25 Jan 2020 06:23:21 GMT" skipped="0">
  <testcase classname="login.usercreationlogin" name="usercreationlogin" time="3.466"/>
</testsuite> <!-- login.usercreationlogin -->
